[debug] [2022-10-26T06:04:04.740Z] ----------------------------------------------------------------------
[debug] [2022-10-26T06:04:04.742Z] Command:       C:\Program Files\nodejs\node.exe C:\Users\김석준\AppData\Roaming\npm\node_modules\firebase-tools\lib\bin\firebase.js init
[debug] [2022-10-26T06:04:04.743Z] CLI Version:   11.15.0
[debug] [2022-10-26T06:04:04.743Z] Platform:      win32
[debug] [2022-10-26T06:04:04.743Z] Node Version:  v16.18.0
[debug] [2022-10-26T06:04:04.744Z] Time:          Wed Oct 26 2022 15:04:04 GMT+0900 (대한민국 표준시)
[debug] [2022-10-26T06:04:04.744Z] ----------------------------------------------------------------------
[debug] 
[debug] [2022-10-26T06:04:04.824Z] > command requires scopes: ["email","openid","https://www.googleapis.com/auth/cloudplatformprojects.readonly","https://www.googleapis.com/auth/firebase","https://www.googleapis.com/auth/cloud-platform"]
[debug] [2022-10-26T06:04:04.824Z] > authorizing via signed-in user (tjrwns3650@gmail.com)
[info] 
     ######## #### ########  ######## ########     ###     ######  ########
     ##        ##  ##     ## ##       ##     ##  ##   ##  ##       ##
     ######    ##  ########  ######   ########  #########  ######  ######
     ##        ##  ##    ##  ##       ##     ## ##     ##       ## ##
     ##       #### ##     ## ######## ########  ##     ##  ######  ########

You're about to initialize a Firebase project in this directory:

  C:\

Before we get started, keep in mind:

  * You are initializing within an existing Firebase project directory

[info] 
=== Project Setup
[info] 
[info] First, let's associate this project directory with a Firebase project.
[info] You can create multiple project aliases by running firebase use --add, 
[info] but for now we'll just set up a default project.
[info] 
[debug] [2022-10-26T06:04:12.037Z] Using project from CLI flag: vueclass33
[debug] [2022-10-26T06:04:12.040Z] >>> [apiv2][query] GET https://firebase.googleapis.com/v1beta1/projects/vueclass33 [none]
[debug] [2022-10-26T06:04:12.520Z] <<< [apiv2][status] GET https://firebase.googleapis.com/v1beta1/projects/vueclass33 200
[debug] [2022-10-26T06:04:12.520Z] <<< [apiv2][body] GET https://firebase.googleapis.com/v1beta1/projects/vueclass33 {"projectId":"vueclass33","projectNumber":"989810443109","displayName":"vueclass33","name":"projects/vueclass33","resources":{"hostingSite":"vueclass33"},"state":"ACTIVE","etag":"1_26e66fb1-666b-40e6-9c4f-3c641afad016"}
[info] i  Using project vueclass33 (vueclass33) 
[info] 
=== Hosting Setup
[info] 
[info] Your public directory is the folder (relative to your project directory) that
[info] will contain Hosting assets to be uploaded with firebase deploy. If you
[info] have a build process for your assets, use your build's output directory.
[info] 
[debug] [2022-10-26T06:13:18.138Z] ----------------------------------------------------------------------
[debug] [2022-10-26T06:13:18.140Z] Command:       C:\Program Files\nodejs\node.exe C:\Users\김석준\AppData\Roaming\npm\node_modules\firebase-tools\lib\bin\firebase.js init
[debug] [2022-10-26T06:13:18.141Z] CLI Version:   11.15.0
[debug] [2022-10-26T06:13:18.141Z] Platform:      win32
[debug] [2022-10-26T06:13:18.141Z] Node Version:  v16.18.0
[debug] [2022-10-26T06:13:18.142Z] Time:          Wed Oct 26 2022 15:13:18 GMT+0900 (대한민국 표준시)
[debug] [2022-10-26T06:13:18.142Z] ----------------------------------------------------------------------
[debug] 
[debug] [2022-10-26T06:13:18.232Z] > command requires scopes: ["email","openid","https://www.googleapis.com/auth/cloudplatformprojects.readonly","https://www.googleapis.com/auth/firebase","https://www.googleapis.com/auth/cloud-platform"]
[debug] [2022-10-26T06:13:18.232Z] > authorizing via signed-in user (tjrwns3650@gmail.com)
[info] 
     ######## #### ########  ######## ########     ###     ######  ########
     ##        ##  ##     ## ##       ##     ##  ##   ##  ##       ##
     ######    ##  ########  ######   ########  #########  ######  ######
     ##        ##  ##    ##  ##       ##     ## ##     ##       ## ##
     ##       #### ##     ## ######## ########  ##     ##  ######  ########

You're about to initialize a Firebase project in this directory:

  C:\Users\김석준\Documents\vueclass

Before we get started, keep in mind:

  * You are initializing within an existing Firebase project directory

[info] 
=== Project Setup
[info] 
[info] First, let's associate this project directory with a Firebase project.
[info] You can create multiple project aliases by running firebase use --add, 
[info] but for now we'll just set up a default project.
[info] 
[debug] [2022-10-26T06:13:27.485Z] Using project from CLI flag: vueclass30
[debug] [2022-10-26T06:13:27.488Z] >>> [apiv2][query] GET https://firebase.googleapis.com/v1beta1/projects/vueclass30 [none]
[debug] [2022-10-26T06:13:27.993Z] <<< [apiv2][status] GET https://firebase.googleapis.com/v1beta1/projects/vueclass30 200
[debug] [2022-10-26T06:13:27.993Z] <<< [apiv2][body] GET https://firebase.googleapis.com/v1beta1/projects/vueclass30 {"projectId":"vueclass30","projectNumber":"625429031170","displayName":"vueclass30","name":"projects/vueclass30","resources":{"hostingSite":"vueclass30"},"state":"ACTIVE","etag":"1_1e2f575f-07b4-4771-8692-398b4f1fd05d"}
[info] i  Using project vueclass30 (vueclass30) 
[info] 
=== Hosting Setup
[info] 
[info] Your public directory is the folder (relative to your project directory) that
[info] will contain Hosting assets to be uploaded with firebase deploy. If you
[info] have a build process for your assets, use your build's output directory.
[info] 
